<?xml version="1.0" encoding="UTF-8"?>
<!-- Generated by org.testng.reporters.JUnitReportReporter -->
<testsuite skipped="0" hostname="DESKTOP-5EA9CPP" name="TestSuiteB.TestB" tests="1" failures="0" timestamp="2022-07-24T16:01:09 EDT" time="2.018" errors="0">
  <testcase name="testB" time="2.018" classname="TestSuiteB.TestB"/>
</testsuite> <!-- TestSuiteB.TestB -->
