<?xml version="1.0" encoding="UTF-8"?>
<!-- Generated by org.testng.reporters.JUnitReportReporter -->
<testsuite skipped="0" hostname="DESKTOP-5EA9CPP" name="TestSuiteA.ExtentReportTest" tests="1" failures="0" timestamp="2022-07-24T15:56:32 EDT" time="0.032" errors="0">
  <testcase name="doLogin" time="0.032" classname="TestSuiteA.ExtentReportTest"/>
</testsuite> <!-- TestSuiteA.ExtentReportTest -->
